{
  "RSpec": {
    "coverage": {
      "/Users/charlesellison/turing/4module/projects/idea_box/app/helpers/application_helper.rb": [
        1,
        null
      ],
      "/Users/charlesellison/turing/4module/projects/idea_box/app/controllers/api/v1/ideas_controller.rb": [
        1,
        1,
        null,
        1,
        4,
        null,
        null,
        1,
        1,
        null,
        null,
        1,
        3,
        null,
        null,
        1,
        2,
        null,
        null,
        1,
        2,
        2,
        1,
        null,
        1,
        null,
        null,
        null,
        1,
        null,
        1,
        4,
        null,
        null
      ],
      "/Users/charlesellison/turing/4module/projects/idea_box/app/controllers/api/api_controller.rb": [
        1,
        1,
        null
      ],
      "/Users/charlesellison/turing/4module/projects/idea_box/app/controllers/application_controller.rb": [
        1,
        null,
        null,
        1,
        null
      ],
      "/Users/charlesellison/turing/4module/projects/idea_box/app/models/idea.rb": [
        1,
        1,
        null,
        1,
        5,
        5,
        5,
        5,
        5,
        null,
        null
      ],
      "/Users/charlesellison/turing/4module/projects/idea_box/app/controllers/dashboard_controller.rb": [
        1,
        1,
        null,
        null,
        null
      ]
    },
    "timestamp": 1467228662
  }
}
